c:\users\margaux\desktop\mecatro\mecatro_2016_groupe14_vs\2015-2016_mecatro-mines\3gp-logiciel\logiciel-mecatro-master\win32\debug\vc120.pdb
c:\users\margaux\desktop\mecatro\mecatro_2016_groupe14_vs\2015-2016_mecatro-mines\3gp-logiciel\logiciel-mecatro-master\win32\debug\camerasettingswindow.obj
c:\users\margaux\desktop\mecatro\mecatro_2016_groupe14_vs\2015-2016_mecatro-mines\3gp-logiciel\logiciel-mecatro-master\win32\debug\takepicturetest.obj
c:\users\margaux\desktop\mecatro\mecatro_2016_groupe14_vs\2015-2016_mecatro-mines\3gp-logiciel\logiciel-mecatro-master\win32\debug\settingspage.obj
c:\users\margaux\desktop\mecatro\mecatro_2016_groupe14_vs\2015-2016_mecatro-mines\3gp-logiciel\logiciel-mecatro-master\win32\debug\serialcommunication.obj
c:\users\margaux\desktop\mecatro\mecatro_2016_groupe14_vs\2015-2016_mecatro-mines\3gp-logiciel\logiciel-mecatro-master\win32\debug\progresspage.obj
c:\users\margaux\desktop\mecatro\mecatro_2016_groupe14_vs\2015-2016_mecatro-mines\3gp-logiciel\logiciel-mecatro-master\win32\debug\main_prog.obj
c:\users\margaux\desktop\mecatro\mecatro_2016_groupe14_vs\2015-2016_mecatro-mines\3gp-logiciel\logiciel-mecatro-master\win32\debug\gppwizard.obj
c:\users\margaux\desktop\mecatro\mecatro_2016_groupe14_vs\2015-2016_mecatro-mines\3gp-logiciel\logiciel-mecatro-master\win32\debug\frameobserver.obj
c:\users\margaux\desktop\mecatro\mecatro_2016_groupe14_vs\2015-2016_mecatro-mines\3gp-logiciel\logiciel-mecatro-master\win32\debug\focuswindow.obj
c:\users\margaux\desktop\mecatro\mecatro_2016_groupe14_vs\2015-2016_mecatro-mines\3gp-logiciel\logiciel-mecatro-master\win32\debug\moc_settingspage.obj
c:\users\margaux\desktop\mecatro\mecatro_2016_groupe14_vs\2015-2016_mecatro-mines\3gp-logiciel\logiciel-mecatro-master\win32\debug\moc_serialcommunication.obj
c:\users\margaux\desktop\mecatro\mecatro_2016_groupe14_vs\2015-2016_mecatro-mines\3gp-logiciel\logiciel-mecatro-master\win32\debug\moc_progresspage.obj
c:\users\margaux\desktop\mecatro\mecatro_2016_groupe14_vs\2015-2016_mecatro-mines\3gp-logiciel\logiciel-mecatro-master\win32\debug\moc_gppwizard.obj
c:\users\margaux\desktop\mecatro\mecatro_2016_groupe14_vs\2015-2016_mecatro-mines\3gp-logiciel\logiciel-mecatro-master\win32\debug\moc_frameobserver.obj
c:\users\margaux\desktop\mecatro\mecatro_2016_groupe14_vs\2015-2016_mecatro-mines\3gp-logiciel\logiciel-mecatro-master\win32\debug\moc_focuswindow.obj
c:\users\margaux\desktop\mecatro\mecatro_2016_groupe14_vs\2015-2016_mecatro-mines\3gp-logiciel\logiciel-mecatro-master\win32\debug\moc_cameraobserver.obj
c:\users\margaux\desktop\mecatro\mecatro_2016_groupe14_vs\2015-2016_mecatro-mines\3gp-logiciel\logiciel-mecatro-master\win32\debug\moc_asynchronousgrab.obj
c:\users\margaux\desktop\mecatro\mecatro_2016_groupe14_vs\2015-2016_mecatro-mines\3gp-logiciel\logiciel-mecatro-master\win32\debug\cameraobserver.obj
c:\users\margaux\desktop\mecatro\mecatro_2016_groupe14_vs\2015-2016_mecatro-mines\3gp-logiciel\logiciel-mecatro-master\win32\debug\asynchronousgrab.obj
c:\users\margaux\desktop\mecatro\mecatro_2016_groupe14_vs\2015-2016_mecatro-mines\3gp-logiciel\logiciel-mecatro-master\win32\debug\apicontroller.obj
c:\users\margaux\desktop\mecatro\mecatro_2016_groupe14_vs\2015-2016_mecatro-mines\3gp-logiciel\logiciel-mecatro-master\debug\moc_asynchronousgrab.cpp
c:\users\margaux\desktop\mecatro\mecatro_2016_groupe14_vs\2015-2016_mecatro-mines\3gp-logiciel\logiciel-mecatro-master\debug\moc_cameraobserver.cpp
c:\users\margaux\desktop\mecatro\mecatro_2016_groupe14_vs\2015-2016_mecatro-mines\3gp-logiciel\logiciel-mecatro-master\debug\moc_focuswindow.cpp
c:\users\margaux\desktop\mecatro\mecatro_2016_groupe14_vs\2015-2016_mecatro-mines\3gp-logiciel\logiciel-mecatro-master\debug\moc_frameobserver.cpp
c:\users\margaux\desktop\mecatro\mecatro_2016_groupe14_vs\2015-2016_mecatro-mines\3gp-logiciel\logiciel-mecatro-master\debug\moc_gppwizard.cpp
c:\users\margaux\desktop\mecatro\mecatro_2016_groupe14_vs\2015-2016_mecatro-mines\3gp-logiciel\logiciel-mecatro-master\debug\moc_progresspage.cpp
c:\users\margaux\desktop\mecatro\mecatro_2016_groupe14_vs\2015-2016_mecatro-mines\3gp-logiciel\logiciel-mecatro-master\debug\moc_serialcommunication.cpp
c:\users\margaux\desktop\mecatro\mecatro_2016_groupe14_vs\2015-2016_mecatro-mines\3gp-logiciel\logiciel-mecatro-master\debug\moc_settingspage.cpp
c:\users\margaux\desktop\mecatro\mecatro_2016_groupe14_vs\2015-2016_mecatro-mines\3gp-logiciel\logiciel-mecatro-master\generatedfiles\ui_logiciel_mecatro.h
c:\users\margaux\desktop\mecatro\mecatro_2016_groupe14_vs\2015-2016_mecatro-mines\3gp-logiciel\logiciel-mecatro-master\debug\declarative-camera.ilk
c:\users\margaux\desktop\mecatro\mecatro_2016_groupe14_vs\2015-2016_mecatro-mines\3gp-logiciel\logiciel-mecatro-master\debug\declarative-camera.exe
c:\users\margaux\desktop\mecatro\mecatro_2016_groupe14_vs\2015-2016_mecatro-mines\3gp-logiciel\logiciel-mecatro-master\debug\declarative-camera.pdb
c:\users\margaux\desktop\mecatro\mecatro_2016_groupe14_vs\2015-2016_mecatro-mines\3gp-logiciel\logiciel-mecatro-master\win32\debug\logiciel-mecatro.tlog\cl.command.1.tlog
c:\users\margaux\desktop\mecatro\mecatro_2016_groupe14_vs\2015-2016_mecatro-mines\3gp-logiciel\logiciel-mecatro-master\win32\debug\logiciel-mecatro.tlog\cl.read.1.tlog
c:\users\margaux\desktop\mecatro\mecatro_2016_groupe14_vs\2015-2016_mecatro-mines\3gp-logiciel\logiciel-mecatro-master\win32\debug\logiciel-mecatro.tlog\cl.write.1.tlog
c:\users\margaux\desktop\mecatro\mecatro_2016_groupe14_vs\2015-2016_mecatro-mines\3gp-logiciel\logiciel-mecatro-master\win32\debug\logiciel-mecatro.tlog\custombuild.command.1.tlog
c:\users\margaux\desktop\mecatro\mecatro_2016_groupe14_vs\2015-2016_mecatro-mines\3gp-logiciel\logiciel-mecatro-master\win32\debug\logiciel-mecatro.tlog\custombuild.read.1.tlog
c:\users\margaux\desktop\mecatro\mecatro_2016_groupe14_vs\2015-2016_mecatro-mines\3gp-logiciel\logiciel-mecatro-master\win32\debug\logiciel-mecatro.tlog\custombuild.write.1.tlog
c:\users\margaux\desktop\mecatro\mecatro_2016_groupe14_vs\2015-2016_mecatro-mines\3gp-logiciel\logiciel-mecatro-master\win32\debug\logiciel-mecatro.tlog\link.command.1.tlog
c:\users\margaux\desktop\mecatro\mecatro_2016_groupe14_vs\2015-2016_mecatro-mines\3gp-logiciel\logiciel-mecatro-master\win32\debug\logiciel-mecatro.tlog\link.read.1.tlog
c:\users\margaux\desktop\mecatro\mecatro_2016_groupe14_vs\2015-2016_mecatro-mines\3gp-logiciel\logiciel-mecatro-master\win32\debug\logiciel-mecatro.tlog\link.write.1.tlog
